Backend error message during job submission
-------------------------------------------
org.apache.pig.backend.executionengine.ExecException: ERROR 2118: Unable to create input splits for: hdfs://master.hadoop.forward.co.uk:9000/user/hive/warehouse/ppr_keywords
	at org.apache.pig.backend.hadoop.executionengine.mapReduceLayer.PigInputFormat.getSplits(PigInputFormat.java:269)
	at org.apache.hadoop.mapred.JobClient.writeNewSplits(JobClient.java:899)
	at org.apache.hadoop.mapred.JobClient.writeSplits(JobClient.java:916)
	at org.apache.hadoop.mapred.JobClient.access$500(JobClient.java:170)
	at org.apache.hadoop.mapred.JobClient$2.run(JobClient.java:834)
	at org.apache.hadoop.mapred.JobClient$2.run(JobClient.java:793)
	at java.security.AccessController.doPrivileged(Native Method)
	at javax.security.auth.Subject.doAs(Subject.java:396)
	at org.apache.hadoop.security.UserGroupInformation.doAs(UserGroupInformation.java:1063)
	at org.apache.hadoop.mapred.JobClient.submitJobInternal(JobClient.java:793)
	at org.apache.hadoop.mapred.JobClient.submitJob(JobClient.java:767)
	at org.apache.hadoop.mapred.jobcontrol.Job.submit(Job.java:378)
	at org.apache.hadoop.mapred.jobcontrol.JobControl.startReadyJobs(JobControl.java:247)
	at org.apache.hadoop.mapred.jobcontrol.JobControl.run(JobControl.java:279)
	at java.lang.Thread.run(Thread.java:680)
Caused by: javax.el.ELException: Provider com.sun.el.ExpressionFactoryImpl not found
	at javax.el.FactoryFinder.newInstance(FactoryFinder.java:97)
	at javax.el.FactoryFinder.find(FactoryFinder.java:193)
	at javax.el.ExpressionFactory.newInstance(ExpressionFactory.java:185)
	at javax.el.ExpressionFactory.newInstance(ExpressionFactory.java:156)
	at org.apache.pig.piggybank.storage.partition.PathPartitionHelper.listStatus(Unknown Source)
	at org.apache.pig.piggybank.storage.HiveTableLoader$1.listStatus(Unknown Source)
	at org.apache.hadoop.mapreduce.lib.input.FileInputFormat.getSplits(FileInputFormat.java:248)
	at org.apache.pig.backend.hadoop.executionengine.mapReduceLayer.PigInputFormat.getSplits(PigInputFormat.java:258)
	... 14 more
Caused by: java.lang.ClassNotFoundException: com.sun.el.ExpressionFactoryImpl
	at java.net.URLClassLoader$1.run(URLClassLoader.java:202)
	at java.security.AccessController.doPrivileged(Native Method)
	at java.net.URLClassLoader.findClass(URLClassLoader.java:190)
	at java.lang.ClassLoader.loadClass(ClassLoader.java:307)
	at sun.misc.Launcher$AppClassLoader.loadClass(Launcher.java:301)
	at java.lang.ClassLoader.loadClass(ClassLoader.java:248)
	at javax.el.FactoryFinder.newInstance(FactoryFinder.java:83)
	... 21 more

Backend error message during job submission
-------------------------------------------
org.apache.pig.backend.executionengine.ExecException: ERROR 2118: Unable to create input splits for: hdfs://master.hadoop.forward.co.uk:9000/user/hive/warehouse/ppr_conversions
	at org.apache.pig.backend.hadoop.executionengine.mapReduceLayer.PigInputFormat.getSplits(PigInputFormat.java:269)
	at org.apache.hadoop.mapred.JobClient.writeNewSplits(JobClient.java:899)
	at org.apache.hadoop.mapred.JobClient.writeSplits(JobClient.java:916)
	at org.apache.hadoop.mapred.JobClient.access$500(JobClient.java:170)
	at org.apache.hadoop.mapred.JobClient$2.run(JobClient.java:834)
	at org.apache.hadoop.mapred.JobClient$2.run(JobClient.java:793)
	at java.security.AccessController.doPrivileged(Native Method)
	at javax.security.auth.Subject.doAs(Subject.java:396)
	at org.apache.hadoop.security.UserGroupInformation.doAs(UserGroupInformation.java:1063)
	at org.apache.hadoop.mapred.JobClient.submitJobInternal(JobClient.java:793)
	at org.apache.hadoop.mapred.JobClient.submitJob(JobClient.java:767)
	at org.apache.hadoop.mapred.jobcontrol.Job.submit(Job.java:378)
	at org.apache.hadoop.mapred.jobcontrol.JobControl.startReadyJobs(JobControl.java:247)
	at org.apache.hadoop.mapred.jobcontrol.JobControl.run(JobControl.java:279)
	at java.lang.Thread.run(Thread.java:680)
Caused by: javax.el.ELException: Provider com.sun.el.ExpressionFactoryImpl not found
	at javax.el.FactoryFinder.newInstance(FactoryFinder.java:97)
	at javax.el.FactoryFinder.find(FactoryFinder.java:193)
	at javax.el.ExpressionFactory.newInstance(ExpressionFactory.java:185)
	at javax.el.ExpressionFactory.newInstance(ExpressionFactory.java:156)
	at org.apache.pig.piggybank.storage.partition.PathPartitionHelper.listStatus(Unknown Source)
	at org.apache.pig.piggybank.storage.HiveTableLoader$1.listStatus(Unknown Source)
	at org.apache.hadoop.mapreduce.lib.input.FileInputFormat.getSplits(FileInputFormat.java:248)
	at org.apache.pig.backend.hadoop.executionengine.mapReduceLayer.PigInputFormat.getSplits(PigInputFormat.java:258)
	... 14 more
Caused by: java.lang.ClassNotFoundException: com.sun.el.ExpressionFactoryImpl
	at java.net.URLClassLoader$1.run(URLClassLoader.java:202)
	at java.security.AccessController.doPrivileged(Native Method)
	at java.net.URLClassLoader.findClass(URLClassLoader.java:190)
	at java.lang.ClassLoader.loadClass(ClassLoader.java:307)
	at sun.misc.Launcher$AppClassLoader.loadClass(Launcher.java:301)
	at java.lang.ClassLoader.loadClass(ClassLoader.java:248)
	at javax.el.FactoryFinder.newInstance(FactoryFinder.java:83)
	... 21 more

Pig Stack Trace
---------------
ERROR 2997: Unable to recreate exception from backend error: org.apache.pig.backend.executionengine.ExecException: ERROR 2118: Unable to create input splits for: hdfs://master.hadoop.forward.co.uk:9000/user/hive/warehouse/ppr_keywords

org.apache.pig.backend.executionengine.ExecException: ERROR 2997: Unable to recreate exception from backend error: org.apache.pig.backend.executionengine.ExecException: ERROR 2118: Unable to create input splits for: hdfs://master.hadoop.forward.co.uk:9000/user/hive/warehouse/ppr_keywords
	at org.apache.pig.backend.hadoop.executionengine.mapReduceLayer.Launcher.getStats(Launcher.java:169)
	at org.apache.pig.backend.hadoop.executionengine.mapReduceLayer.MapReduceLauncher.launchPig(MapReduceLauncher.java:270)
	at org.apache.pig.backend.hadoop.executionengine.HExecutionEngine.execute(HExecutionEngine.java:308)
	at org.apache.pig.PigServer.executeCompiledLogicalPlan(PigServer.java:1007)
	at org.apache.pig.PigServer.execute(PigServer.java:1000)
	at org.apache.pig.PigServer.access$100(PigServer.java:112)
	at org.apache.pig.PigServer$Graph.execute(PigServer.java:1252)
	at org.apache.pig.PigServer.executeBatch(PigServer.java:324)
	at org.apache.pig.tools.grunt.GruntParser.executeBatch(GruntParser.java:110)
	at org.apache.pig.tools.grunt.GruntParser.parseStopOnError(GruntParser.java:167)
	at org.apache.pig.tools.grunt.GruntParser.parseStopOnError(GruntParser.java:139)
	at org.apache.pig.tools.grunt.Grunt.exec(Grunt.java:89)
	at org.apache.pig.Main.main(Main.java:337)
================================================================================
Pig Stack Trace
---------------
ERROR 2997: Unable to recreate exception from backend error: org.apache.pig.backend.executionengine.ExecException: ERROR 2118: Unable to create input splits for: hdfs://master.hadoop.forward.co.uk:9000/user/hive/warehouse/ppr_conversions

org.apache.pig.backend.executionengine.ExecException: ERROR 2997: Unable to recreate exception from backend error: org.apache.pig.backend.executionengine.ExecException: ERROR 2118: Unable to create input splits for: hdfs://master.hadoop.forward.co.uk:9000/user/hive/warehouse/ppr_conversions
	at org.apache.pig.backend.hadoop.executionengine.mapReduceLayer.Launcher.getStats(Launcher.java:169)
	at org.apache.pig.backend.hadoop.executionengine.mapReduceLayer.MapReduceLauncher.launchPig(MapReduceLauncher.java:270)
	at org.apache.pig.backend.hadoop.executionengine.HExecutionEngine.execute(HExecutionEngine.java:308)
	at org.apache.pig.PigServer.executeCompiledLogicalPlan(PigServer.java:1007)
	at org.apache.pig.PigServer.execute(PigServer.java:1000)
	at org.apache.pig.PigServer.access$100(PigServer.java:112)
	at org.apache.pig.PigServer$Graph.execute(PigServer.java:1252)
	at org.apache.pig.PigServer.executeBatch(PigServer.java:324)
	at org.apache.pig.tools.grunt.GruntParser.executeBatch(GruntParser.java:110)
	at org.apache.pig.tools.grunt.GruntParser.parseStopOnError(GruntParser.java:167)
	at org.apache.pig.tools.grunt.GruntParser.parseStopOnError(GruntParser.java:139)
	at org.apache.pig.tools.grunt.Grunt.exec(Grunt.java:89)
	at org.apache.pig.Main.main(Main.java:337)
================================================================================
